Line 94: Class MSComCtl2.DTPicker of control DTPicker1 was not a loaded control class.
Line 163: Class MSAdodcLib.Adodc of control Adodc1 was not a loaded control class.
Line 209: Class MSComDlg.CommonDialog of control CommonDialog1 was not a loaded control class.
Line 402: Class MSDataGridLib.DataGrid of control DataGrid1 was not a loaded control class.
Line 100: The property name _ExtentX in DTPicker1 is invalid.
Line 101: The property name _ExtentY in DTPicker1 is invalid.
Line 102: The property name _Version in DTPicker1 is invalid.
Line 112: The property name Format in DTPicker1 is invalid.
Line 113: The property name CurrentDate in DTPicker1 is invalid.
Line 168: The property name _ExtentX in Adodc1 is invalid.
Line 169: The property name _ExtentY in Adodc1 is invalid.
Line 170: The property name ConnectMode in Adodc1 is invalid.
Line 171: The property name CursorLocation in Adodc1 is invalid.
Line 172: The property name IsolationLevel in Adodc1 is invalid.
Line 173: The property name ConnectionTimeout in Adodc1 is invalid.
Line 174: The property name CommandTimeout in Adodc1 is invalid.
Line 175: The property name CursorType in Adodc1 is invalid.
Line 176: The property name LockType in Adodc1 is invalid.
Line 177: The property name CommandType in Adodc1 is invalid.
Line 178: The property name CursorOptions in Adodc1 is invalid.
Line 179: The property name CacheSize in Adodc1 is invalid.
Line 180: The property name MaxRecords in Adodc1 is invalid.
Line 181: The property name BOFAction in Adodc1 is invalid.
Line 182: The property name EOFAction in Adodc1 is invalid.
Line 183: The property name ConnectStringType in Adodc1 is invalid.
Line 187: The property name Orientation in Adodc1 is invalid.
Line 189: The property name Connect in Adodc1 is invalid.
Line 190: The property name OLEDBString in Adodc1 is invalid.
Line 191: The property name OLEDBFile in Adodc1 is invalid.
Line 192: The property name DataSourceName in Adodc1 is invalid.
Line 193: The property name OtherAttributes in Adodc1 is invalid.
Line 194: The property name UserName in Adodc1 is invalid.
Line 195: The property name Password in Adodc1 is invalid.
Line 196: The property name RecordSource in Adodc1 is invalid.
Line 197: The property name Caption in Adodc1 is invalid.
Line 207: The property name _Version in Adodc1 is invalid.
Line 212: The property name _ExtentX in CommonDialog1 is invalid.
Line 213: The property name _ExtentY in CommonDialog1 is invalid.
Line 214: The property name _Version in CommonDialog1 is invalid.
Line 403: The property name Bindings in DataGrid1 is invalid.
Line 409: The property name _ExtentX in DataGrid1 is invalid.
Line 410: The property name _ExtentY in DataGrid1 is invalid.
Line 411: The property name _Version in DataGrid1 is invalid.
Line 412: The property name HeadLines in DataGrid1 is invalid.
Line 413: The property name RowHeight in DataGrid1 is invalid.
Line 422: The property name HeadFont in DataGrid1 is invalid.
Line 432: The property name ColumnCount in DataGrid1 is invalid.
Line 445: The property name Column00 in DataGrid1 is invalid.
Line 458: The property name Column01 in DataGrid1 is invalid.
Line 459: The property name SplitCount in DataGrid1 is invalid.
Line 465: The property name Split0 in DataGrid1 is invalid.
